<?xml version="1.0" encoding="UTF-8"?>
<!-- Generated by org.testng.reporters.JUnitReportReporter -->
<testsuite hostname="kagims-MacBook-Pro.local" name="com.framework.automation.framework.homePage.HomePageDisplayVerification" tests="1" failures="0" timestamp="27 Jan 2018 18:25:11 GMT" time="0.784" errors="0">
  <testcase name="Verifysunglass" time="0.784" classname="com.framework.automation.framework.homePage.HomePageDisplayVerification"/>
</testsuite> <!-- com.framework.automation.framework.homePage.HomePageDisplayVerification -->
