<?xml version="1.0" encoding="UTF-8"?>
<!-- Generated by org.testng.reporters.JUnitReportReporter -->
<testsuite hostname="arlynns-MacBook-Pro.local" failures="0" tests="1" name="com.framework.automation.framework.homePage.VerifyloginWithValidCredentails" time="62.807" errors="0" timestamp="12 Nov 2017 16:42:13 GMT">
  <testcase classname="com.framework.automation.framework.homePage.VerifyloginWithValidCredentails" name="verifyLoginWithValidCredentails" time="62.807"/>
</testsuite> <!-- com.framework.automation.framework.homePage.VerifyloginWithValidCredentails -->
