<?xml version="1.0" encoding="UTF-8"?>
<!-- Generated by org.testng.reporters.JUnitReportReporter -->
<<<<<<< HEAD
<testsuite hostname="kagims-MacBook-Pro.local" name="com.framework.automation.framework.homePage.HomePageDisplayVerification" tests="1" failures="0" timestamp="17 Dec 2017 17:16:56 GMT" time="0.978" errors="0">
  <testcase name="WomendressButton" time="0.978" classname="com.framework.automation.framework.homePage.HomePageDisplayVerification"/>
=======
<testsuite hostname="konoks-MacBook-Pro.local" name="com.framework.automation.framework.homePage.HomePageDisplayVerification" tests="1" failures="0" timestamp="17 Dec 2017 16:27:07 GMT" time="0.920" errors="0">
  <testcase name="verifyContactPageHomeLogo" time="0.920" classname="com.framework.automation.framework.homePage.HomePageDisplayVerification"/>
>>>>>>> 3869fd2a9b60015dec419b108aa779a7fe0ea63c
</testsuite> <!-- com.framework.automation.framework.homePage.HomePageDisplayVerification -->
