<?xml version="1.0" encoding="UTF-8"?>
<!-- Generated by org.testng.reporters.JUnitReportReporter -->
<testsuite hostname="arlynns-MacBook-Pro.local" failures="0" tests="1" name="com.framework.automation.framework.homePage.HomePageDisplayVerification" time="1.383" errors="0" timestamp="24 Dec 2017 16:06:22 GMT">
  <testcase classname="com.framework.automation.framework.homePage.HomePageDisplayVerification" name="verifyNewsLetterInvitation" time="1.383"/>
</testsuite> <!-- com.framework.automation.framework.homePage.HomePageDisplayVerification -->
