<?xml version="1.0" encoding="UTF-8"?>
<!-- Generated by org.testng.reporters.JUnitReportReporter -->
<testsuite hostname="arlynns-MacBook-Pro.local" failures="0" tests="1" name="com.framework.automation.framework.homePage.HomePageDisplayVerification" time="0.952" errors="0" timestamp="28 Jan 2018 15:10:30 GMT">
  <testcase classname="com.framework.automation.framework.homePage.HomePageDisplayVerification" name="Verifysearchjewelary" time="0.952"/>
</testsuite> <!-- com.framework.automation.framework.homePage.HomePageDisplayVerification -->
