<?xml version="1.0" encoding="UTF-8"?>
<!-- Generated by org.testng.reporters.JUnitReportReporter -->
<testsuite hostname="NYCMDLNMUHMAC.local" name="com.framework.automation.framework.homePage.VerifyloginWithInvalidCredentails" tests="1" failures="0" timestamp="26 Nov 2017 01:06:44 GMT" time="1.859" errors="0">
  <testcase name="verifyLoginWithInvalidCredentails" time="1.859" classname="com.framework.automation.framework.homePage.VerifyloginWithInvalidCredentails"/>
</testsuite> <!-- com.framework.automation.framework.homePage.VerifyloginWithInvalidCredentails -->
