<?xml version="1.0" encoding="UTF-8"?>
<!-- Generated by org.testng.reporters.JUnitReportReporter -->
<testsuite hostname="NYCMDLNMUHMAC.local" name="com.framework.automation.framework.homePage.Headlesstest" tests="5" failures="0" timestamp="31 May 2018 21:55:45 GMT" time="0.045" errors="0">
  <testcase name="WomenDressButton" time="0.032" classname="com.framework.automation.framework.homePage.Headlesstest"/>
  <testcase name="verifyContactPageHomeLogo" time="0.004" classname="com.framework.automation.framework.homePage.Headlesstest"/>
  <testcase name="vrifiedHomePageshoppingChartButtonDisplayed" time="0.003" classname="com.framework.automation.framework.homePage.Headlesstest"/>
  <testcase name="verifywomencategories" time="0.003" classname="com.framework.automation.framework.homePage.Headlesstest"/>
  <testcase name="vrifybestSellersButtonInHomepgae" time="0.003" classname="com.framework.automation.framework.homePage.Headlesstest"/>
</testsuite> <!-- com.framework.automation.framework.homePage.Headlesstest -->
