<?xml version="1.0" encoding="UTF-8"?>
<!-- Generated by org.testng.reporters.JUnitReportReporter -->
<<<<<<< HEAD
<testsuite hostname="kagims-MacBook-Pro.local" name="com.framework.automation.framework.homePage.HomePageDisplayVerification" tests="1" failures="0" timestamp="24 Dec 2017 15:34:28 GMT" time="0.065" errors="0">
  <testcase name="vrifybestSellersButtonInHomepgae" time="0.065" classname="com.framework.automation.framework.homePage.HomePageDisplayVerification"/>
=======
<testsuite hostname="kagims-MacBook-Pro.local" name="com.framework.automation.framework.homePage.HomePageDisplayVerification" tests="1" failures="0" timestamp="24 Dec 2017 17:14:39 GMT" time="1.315" errors="0">
  <testcase name="verifywomencategories" time="1.315" classname="com.framework.automation.framework.homePage.HomePageDisplayVerification"/>
>>>>>>> origin/Konok
</testsuite> <!-- com.framework.automation.framework.homePage.HomePageDisplayVerification -->
