<?xml version="1.0" encoding="UTF-8"?>
<!-- Generated by org.testng.reporters.JUnitReportReporter -->
<testsuite hostname="NYCMDLNMUHMAC.local" name="com.framework.automation.framework.homePage.DbTest" tests="1" failures="0" timestamp="5 Apr 2018 02:29:38 GMT" time="0.663" errors="0">
  <testcase name="VerifyKagimTableInfo" time="0.663" classname="com.framework.automation.framework.homePage.DbTest"/>
</testsuite> <!-- com.framework.automation.framework.homePage.DbTest -->
