<?xml version="1.0" encoding="UTF-8"?>
<!-- Generated by org.testng.reporters.JUnitReportReporter -->
<testsuite hostname="NYCMDLNMUHMAC.local" name="com.framework.automation.framework.homePage.VerifyloginWithValidCredentails" tests="1" failures="0" timestamp="11 Nov 2017 16:22:49 GMT" time="63.177" errors="0">
  <testcase name="verifyLoginWithValidCredentails" time="63.177" classname="com.framework.automation.framework.homePage.VerifyloginWithValidCredentails"/>
</testsuite> <!-- com.framework.automation.framework.homePage.VerifyloginWithValidCredentails -->
