<?xml version="1.0" encoding="UTF-8"?>
<!-- Generated by org.testng.reporters.JUnitReportReporter -->
<testsuite hostname="kagims-MacBook-Pro.local" name="com.framework.automation.framework.homePage.HomePageDisplayVerification" tests="1" failures="0" timestamp="31 Dec 2017 17:05:15 GMT" time="0.062" errors="0">
  <testcase name="homepagetwitterlink" time="0.062" classname="com.framework.automation.framework.homePage.HomePageDisplayVerification"/>
</testsuite> <!-- com.framework.automation.framework.homePage.HomePageDisplayVerification -->
