<?xml version="1.0" encoding="UTF-8"?>
<!-- Generated by org.testng.reporters.JUnitReportReporter -->
<testsuite hostname="konoks-MBP.home" name="com.framework.automation.framework.homePage.HomePageDisplayVerification" tests="1" failures="0" timestamp="15 Jan 2018 03:48:31 GMT" time="60.934" errors="0">
  <testcase name="VerifyChiffonDress" time="60.934" classname="com.framework.automation.framework.homePage.HomePageDisplayVerification"/>
</testsuite> <!-- com.framework.automation.framework.homePage.HomePageDisplayVerification -->
