<?xml version="1.0" encoding="UTF-8"?>
<!-- Generated by org.testng.reporters.JUnitReportReporter -->
<testsuite hostname="NYCMDLNMUHMAC.local" name="com.framework.automation.framework.homePage.HeadlessBrowserTest" tests="5" failures="0" timestamp="1 Jun 2018 02:16:42 GMT" time="0.056" errors="0">
  <testcase name="WomenDressButton" time="0.040" classname="com.framework.automation.framework.homePage.HeadlessBrowserTest"/>
  <testcase name="verifyContactPageHomeLogo" time="0.004" classname="com.framework.automation.framework.homePage.HeadlessBrowserTest"/>
  <testcase name="vrifiedHomePageshoppingChartButtonDisplayed" time="0.006" classname="com.framework.automation.framework.homePage.HeadlessBrowserTest"/>
  <testcase name="verifywomencategories" time="0.002" classname="com.framework.automation.framework.homePage.HeadlessBrowserTest"/>
  <testcase name="vrifybestSellersButtonInHomepgae" time="0.004" classname="com.framework.automation.framework.homePage.HeadlessBrowserTest"/>
</testsuite> <!-- com.framework.automation.framework.homePage.HeadlessBrowserTest -->
