<?xml version="1.0" encoding="UTF-8"?>
<!-- Generated by org.testng.reporters.JUnitReportReporter -->
<testsuite hostname="kagims-MacBook-Pro.local" name="com.framework.automation.framework.homePage.VerifyloginWithInvalidCredentails" tests="1" failures="0" timestamp="12 Nov 2017 14:12:15 GMT" time="2.859" errors="0">
  <testcase name="validEmailforCreateAccount" time="2.859" classname="com.framework.automation.framework.homePage.VerifyloginWithInvalidCredentails"/>
</testsuite> <!-- com.framework.automation.framework.homePage.VerifyloginWithInvalidCredentails -->
