<?xml version="1.0" encoding="UTF-8"?>
<!-- Generated by org.testng.reporters.JUnitReportReporter -->
<testsuite hostname="kagims-MacBook-Pro.local" name="com.framework.automation.framework.homePage.VerifyloginWithInvalidCredentails" tests="1" failures="0" timestamp="25 Nov 2017 16:23:29 GMT" time="1.854" errors="0">
  <testcase name="verifyLoginWithInvalidCredentails" time="1.854" classname="com.framework.automation.framework.homePage.VerifyloginWithInvalidCredentails"/>
</testsuite> <!-- com.framework.automation.framework.homePage.VerifyloginWithInvalidCredentails -->
