<?xml version="1.0" encoding="UTF-8"?>
<!-- Generated by org.testng.reporters.JUnitReportReporter -->
<<<<<<< HEAD
<testsuite hostname="kagims-MacBook-Pro.local" name="com.framework.automation.framework.homePage.HomePageDisplayVerification" tests="1" failures="0" timestamp="31 Dec 2017 17:05:15 GMT" time="0.062" errors="0">
  <testcase name="homepagetwitterlink" time="0.062" classname="com.framework.automation.framework.homePage.HomePageDisplayVerification"/>
=======
<testsuite hostname="konoks-MacBook-Pro.local" name="com.framework.automation.framework.homePage.HomePageDisplayVerification" tests="1" failures="0" timestamp="31 Dec 2017 16:18:48 GMT" time="0.059" errors="0">
  <testcase name="FacebookLogo" time="0.059" classname="com.framework.automation.framework.homePage.HomePageDisplayVerification"/>
>>>>>>> c11aa9a7cc2c5fd916a11ddb072c92788deaf6bd
</testsuite> <!-- com.framework.automation.framework.homePage.HomePageDisplayVerification -->
