<?xml version="1.0" encoding="UTF-8"?>
<!-- Generated by org.testng.reporters.JUnitReportReporter -->
<testsuite skipped="0" hostname="NYCMDLNMUHMAC.local" name="com.framework.automation.framework.homePage.Test001_VerifyLoginWithInvalidCredentails" tests="1" failures="0" timestamp="07 Oct 2017 00:56:45 GMT" time="1.832" errors="0">
  <testcase name="verifyLoginWithInvalidCredentails" time="1.832" classname="com.framework.automation.framework.homePage.Test001_VerifyLoginWithInvalidCredentails"/>
</testsuite> <!-- com.framework.automation.framework.homePage.Test001_VerifyLoginWithInvalidCredentails -->
