<?xml version="1.0" encoding="UTF-8"?>
<!-- Generated by org.testng.reporters.JUnitReportReporter -->
<testsuite hostname="NYCMDLNMUHMAC.local" name="com.framework.automation.framework.homePage.HomePageDisplayVerification" tests="1" failures="0" timestamp="1 Jun 2018 02:12:56 GMT" time="0.697" errors="0">
  <testcase name="verifyContactPageHomeLogo" time="0.697" classname="com.framework.automation.framework.homePage.HomePageDisplayVerification"/>
</testsuite> <!-- com.framework.automation.framework.homePage.HomePageDisplayVerification -->
