<?xml version="1.0" encoding="UTF-8"?>
<!-- Generated by org.testng.reporters.JUnitReportReporter -->
<testsuite hostname="konoks-MacBook-Pro.local" name="com.framework.automation.framework.homePage.HomePageDisplayVerification" tests="4" failures="0" timestamp="24 Dec 2017 17:14:35 GMT" time="4.291" errors="0">
  <testcase name="verifyMyAccountIndexPage" time="1.639" classname="com.framework.automation.framework.homePage.HomePageDisplayVerification"/>
  <testcase name="verifyT_shirtResult" time="0.931" classname="com.framework.automation.framework.homePage.HomePageDisplayVerification"/>
  <testcase name="WomenDressButton" time="1.090" classname="com.framework.automation.framework.homePage.HomePageDisplayVerification"/>
  <testcase name="verifyContactPageHomeLogo" time="0.631" classname="com.framework.automation.framework.homePage.HomePageDisplayVerification"/>
</testsuite> <!-- com.framework.automation.framework.homePage.HomePageDisplayVerification -->
