<?xml version="1.0" encoding="UTF-8"?>
<!-- Generated by org.testng.reporters.JUnitReportReporter -->
<testsuite hostname="arlynns-MacBook-Pro.local" failures="0" tests="1" name="com.framework.automation.framework.homePage.HomePageDisplayVerification" time="0.874" errors="0" timestamp="26 Dec 2017 16:18:59 GMT">
  <testcase classname="com.framework.automation.framework.homePage.HomePageDisplayVerification" name="tShirtSearch" time="0.874"/>
</testsuite> <!-- com.framework.automation.framework.homePage.HomePageDisplayVerification -->
