<?xml version="1.0" encoding="UTF-8"?>
<!-- Generated by org.testng.reporters.JUnitReportReporter -->
<testsuite hostname="kagims-MacBook-Pro.local" name="com.framework.automation.framework.homePage.VerifyloginWithValidCredentails" tests="3" failures="0" timestamp="25 Nov 2017 17:54:38 GMT" time="63.294" errors="0">
  <testcase name="vrifiedHomePageshoppingChartButtonDisplayed" time="0.040" classname="com.framework.automation.framework.homePage.VerifyloginWithValidCredentails"/>
  <testcase name="validEmailforCreateAccount" time="1.207" classname="com.framework.automation.framework.homePage.VerifyloginWithValidCredentails"/>
  <testcase name="verifyLoginWithValidCredentails" time="62.047" classname="com.framework.automation.framework.homePage.VerifyloginWithValidCredentails"/>
</testsuite> <!-- com.framework.automation.framework.homePage.VerifyloginWithValidCredentails -->
